2023-09-21 07:01:54,583 CRIT Supervisor is running as root.  Privileges were not dropped because no user is specified in the config file.  If you intend to run as root, you can set user=root in the config file to avoid this message.
2023-09-21 07:01:54,586 INFO supervisord started with pid 1
2023-09-21 07:01:55,613 INFO spawned: 'laravel_queue_00' with pid 7
2023-09-21 07:01:55,617 INFO spawned: 'laravel_queue_01' with pid 8
2023-09-21 07:01:55,619 INFO spawned: 'laravel_queue_02' with pid 9
2023-09-21 07:01:55,624 INFO spawned: 'laravel_queue_03' with pid 10
2023-09-21 07:01:55,628 INFO spawned: 'laravel_schedule_00' with pid 11
2023-09-21 07:01:56,642 INFO success: laravel_queue_00 entered RUNNING state, process has stayed up for > than 1 seconds (startsecs)
2023-09-21 07:01:56,644 INFO success: laravel_queue_01 entered RUNNING state, process has stayed up for > than 1 seconds (startsecs)
2023-09-21 07:01:56,645 INFO success: laravel_queue_02 entered RUNNING state, process has stayed up for > than 1 seconds (startsecs)
2023-09-21 07:01:56,646 INFO success: laravel_queue_03 entered RUNNING state, process has stayed up for > than 1 seconds (startsecs)
2023-09-21 07:01:56,646 INFO success: laravel_schedule_00 entered RUNNING state, process has stayed up for > than 1 seconds (startsecs)
2023-09-21 07:10:39,547 WARN received SIGQUIT indicating exit request
2023-09-21 07:10:39,557 INFO waiting for laravel_queue_00, laravel_queue_01, laravel_queue_02, laravel_queue_03, laravel_schedule_00 to die
2023-09-21 07:10:39,567 WARN stopped: laravel_schedule_00 (terminated by SIGTERM)
2023-09-21 07:10:40,691 INFO stopped: laravel_queue_00 (exit status 0)
2023-09-21 07:10:40,691 INFO stopped: laravel_queue_01 (exit status 0)
2023-09-21 07:10:40,692 INFO stopped: laravel_queue_02 (exit status 0)
2023-09-21 07:10:40,692 INFO stopped: laravel_queue_03 (exit status 0)
2023-09-21 07:10:48,395 CRIT Supervisor is running as root.  Privileges were not dropped because no user is specified in the config file.  If you intend to run as root, you can set user=root in the config file to avoid this message.
2023-09-21 07:10:48,403 INFO supervisord started with pid 1
2023-09-21 07:10:49,429 INFO spawned: 'laravel_queue_00' with pid 7
2023-09-21 07:10:49,452 INFO spawned: 'laravel_queue_01' with pid 8
2023-09-21 07:10:49,461 INFO spawned: 'laravel_queue_02' with pid 9
2023-09-21 07:10:49,473 INFO spawned: 'laravel_queue_03' with pid 10
2023-09-21 07:10:49,503 INFO spawned: 'laravel_schedule_00' with pid 11
2023-09-21 07:10:51,367 INFO success: laravel_queue_00 entered RUNNING state, process has stayed up for > than 1 seconds (startsecs)
2023-09-21 07:10:51,369 INFO success: laravel_queue_01 entered RUNNING state, process has stayed up for > than 1 seconds (startsecs)
2023-09-21 07:10:51,369 INFO success: laravel_queue_02 entered RUNNING state, process has stayed up for > than 1 seconds (startsecs)
2023-09-21 07:10:51,369 INFO success: laravel_queue_03 entered RUNNING state, process has stayed up for > than 1 seconds (startsecs)
2023-09-21 07:10:51,370 INFO success: laravel_schedule_00 entered RUNNING state, process has stayed up for > than 1 seconds (startsecs)
2023-09-21 07:11:30,523 WARN received SIGQUIT indicating exit request
2023-09-21 07:11:30,529 INFO waiting for laravel_queue_00, laravel_queue_01, laravel_queue_02, laravel_queue_03, laravel_schedule_00 to die
2023-09-21 07:11:30,538 WARN stopped: laravel_schedule_00 (terminated by SIGTERM)
2023-09-21 07:11:31,582 INFO stopped: laravel_queue_00 (exit status 0)
2023-09-21 07:11:31,583 INFO stopped: laravel_queue_01 (exit status 0)
2023-09-21 07:11:31,583 INFO stopped: laravel_queue_02 (exit status 0)
2023-09-21 07:11:31,584 INFO stopped: laravel_queue_03 (exit status 0)
2023-09-21 07:12:08,894 CRIT Supervisor is running as root.  Privileges were not dropped because no user is specified in the config file.  If you intend to run as root, you can set user=root in the config file to avoid this message.
2023-09-21 07:12:08,897 INFO supervisord started with pid 1
2023-09-21 07:12:09,906 INFO spawned: 'laravel_queue_00' with pid 7
2023-09-21 07:12:09,915 INFO spawned: 'laravel_queue_01' with pid 8
2023-09-21 07:12:09,919 INFO spawned: 'laravel_queue_02' with pid 9
2023-09-21 07:12:09,922 INFO spawned: 'laravel_queue_03' with pid 10
2023-09-21 07:12:09,929 INFO spawned: 'laravel_schedule_00' with pid 11
2023-09-21 07:12:11,613 INFO success: laravel_queue_00 entered RUNNING state, process has stayed up for > than 1 seconds (startsecs)
2023-09-21 07:12:11,615 INFO success: laravel_queue_01 entered RUNNING state, process has stayed up for > than 1 seconds (startsecs)
2023-09-21 07:12:11,615 INFO success: laravel_queue_02 entered RUNNING state, process has stayed up for > than 1 seconds (startsecs)
2023-09-21 07:12:11,615 INFO success: laravel_queue_03 entered RUNNING state, process has stayed up for > than 1 seconds (startsecs)
2023-09-21 07:12:11,615 INFO success: laravel_schedule_00 entered RUNNING state, process has stayed up for > than 1 seconds (startsecs)
2023-09-21 08:14:21,494 WARN received SIGQUIT indicating exit request
2023-09-21 08:14:21,501 INFO waiting for laravel_queue_00, laravel_queue_01, laravel_queue_02, laravel_queue_03, laravel_schedule_00 to die
2023-09-21 08:14:21,514 WARN stopped: laravel_schedule_00 (terminated by SIGTERM)
2023-09-21 08:14:22,627 INFO stopped: laravel_queue_00 (exit status 0)
2023-09-21 08:14:22,629 INFO stopped: laravel_queue_01 (exit status 0)
2023-09-21 08:14:22,630 INFO stopped: laravel_queue_02 (exit status 0)
2023-09-21 08:14:22,630 INFO stopped: laravel_queue_03 (exit status 0)
2023-09-21 08:14:23,588 CRIT Supervisor is running as root.  Privileges were not dropped because no user is specified in the config file.  If you intend to run as root, you can set user=root in the config file to avoid this message.
2023-09-21 08:14:23,590 INFO supervisord started with pid 1
2023-09-21 08:14:24,607 INFO spawned: 'laravel_queue_00' with pid 7
2023-09-21 08:14:24,631 INFO spawned: 'laravel_queue_01' with pid 8
2023-09-21 08:14:24,640 INFO spawned: 'laravel_queue_02' with pid 9
2023-09-21 08:14:24,649 INFO spawned: 'laravel_queue_03' with pid 10
2023-09-21 08:14:24,655 INFO spawned: 'laravel_schedule_00' with pid 11
2023-09-21 08:14:26,128 INFO success: laravel_queue_00 entered RUNNING state, process has stayed up for > than 1 seconds (startsecs)
2023-09-21 08:14:26,130 INFO success: laravel_queue_01 entered RUNNING state, process has stayed up for > than 1 seconds (startsecs)
2023-09-21 08:14:26,130 INFO success: laravel_queue_02 entered RUNNING state, process has stayed up for > than 1 seconds (startsecs)
2023-09-21 08:14:26,131 INFO success: laravel_queue_03 entered RUNNING state, process has stayed up for > than 1 seconds (startsecs)
2023-09-21 08:14:26,131 INFO success: laravel_schedule_00 entered RUNNING state, process has stayed up for > than 1 seconds (startsecs)
2023-09-21 08:14:50,187 WARN received SIGQUIT indicating exit request
2023-09-21 08:14:50,189 INFO waiting for laravel_queue_00, laravel_queue_01, laravel_queue_02, laravel_queue_03, laravel_schedule_00 to die
2023-09-21 08:14:51,203 WARN stopped: laravel_schedule_00 (terminated by SIGTERM)
2023-09-21 08:14:52,255 INFO stopped: laravel_queue_00 (exit status 0)
2023-09-21 08:14:52,255 INFO stopped: laravel_queue_01 (exit status 0)
2023-09-21 08:14:52,256 INFO stopped: laravel_queue_02 (exit status 0)
2023-09-21 08:14:52,256 INFO stopped: laravel_queue_03 (exit status 0)
2023-09-21 08:15:09,720 CRIT Supervisor is running as root.  Privileges were not dropped because no user is specified in the config file.  If you intend to run as root, you can set user=root in the config file to avoid this message.
2023-09-21 08:15:09,724 INFO supervisord started with pid 1
2023-09-21 08:15:10,732 INFO spawned: 'laravel_queue_00' with pid 7
2023-09-21 08:15:10,734 INFO spawned: 'laravel_queue_01' with pid 8
2023-09-21 08:15:10,737 INFO spawned: 'laravel_queue_02' with pid 9
2023-09-21 08:15:10,741 INFO spawned: 'laravel_queue_03' with pid 10
2023-09-21 08:15:10,743 INFO spawned: 'laravel_schedule_00' with pid 11
2023-09-21 08:15:11,752 INFO success: laravel_queue_00 entered RUNNING state, process has stayed up for > than 1 seconds (startsecs)
2023-09-21 08:15:11,758 INFO success: laravel_queue_01 entered RUNNING state, process has stayed up for > than 1 seconds (startsecs)
2023-09-21 08:15:11,760 INFO success: laravel_queue_02 entered RUNNING state, process has stayed up for > than 1 seconds (startsecs)
2023-09-21 08:15:11,761 INFO success: laravel_queue_03 entered RUNNING state, process has stayed up for > than 1 seconds (startsecs)
2023-09-21 08:15:11,762 INFO success: laravel_schedule_00 entered RUNNING state, process has stayed up for > than 1 seconds (startsecs)
2023-09-21 08:17:14,440 WARN received SIGQUIT indicating exit request
2023-09-21 08:17:14,442 INFO waiting for laravel_queue_00, laravel_queue_01, laravel_queue_02, laravel_queue_03, laravel_schedule_00 to die
2023-09-21 08:17:14,451 WARN stopped: laravel_schedule_00 (terminated by SIGTERM)
2023-09-21 08:17:15,500 INFO stopped: laravel_queue_00 (exit status 0)
2023-09-21 08:17:15,501 INFO stopped: laravel_queue_01 (exit status 0)
2023-09-21 08:17:15,502 INFO stopped: laravel_queue_02 (exit status 0)
2023-09-21 08:17:15,502 INFO stopped: laravel_queue_03 (exit status 0)
2023-09-21 08:17:31,928 CRIT Supervisor is running as root.  Privileges were not dropped because no user is specified in the config file.  If you intend to run as root, you can set user=root in the config file to avoid this message.
2023-09-21 08:17:31,937 INFO supervisord started with pid 1
2023-09-21 08:17:32,955 INFO spawned: 'laravel_queue_00' with pid 8
2023-09-21 08:17:32,959 INFO spawned: 'laravel_queue_01' with pid 9
2023-09-21 08:17:32,966 INFO spawned: 'laravel_queue_02' with pid 10
2023-09-21 08:17:32,974 INFO spawned: 'laravel_queue_03' with pid 11
2023-09-21 08:17:32,977 INFO spawned: 'laravel_schedule_00' with pid 12
2023-09-21 08:17:33,994 INFO success: laravel_queue_00 entered RUNNING state, process has stayed up for > than 1 seconds (startsecs)
2023-09-21 08:17:34,004 INFO success: laravel_queue_01 entered RUNNING state, process has stayed up for > than 1 seconds (startsecs)
2023-09-21 08:17:34,007 INFO success: laravel_queue_02 entered RUNNING state, process has stayed up for > than 1 seconds (startsecs)
2023-09-21 08:17:34,012 INFO success: laravel_queue_03 entered RUNNING state, process has stayed up for > than 1 seconds (startsecs)
2023-09-21 08:17:34,017 INFO success: laravel_schedule_00 entered RUNNING state, process has stayed up for > than 1 seconds (startsecs)
2023-09-21 08:34:59,640 WARN received SIGQUIT indicating exit request
2023-09-21 08:34:59,653 INFO waiting for laravel_queue_00, laravel_queue_01, laravel_queue_02, laravel_queue_03, laravel_schedule_00 to die
2023-09-21 08:35:00,685 WARN stopped: laravel_schedule_00 (terminated by SIGTERM)
2023-09-21 08:35:01,850 INFO stopped: laravel_queue_00 (exit status 0)
2023-09-21 08:35:01,851 INFO stopped: laravel_queue_01 (exit status 0)
2023-09-21 08:35:01,851 INFO stopped: laravel_queue_02 (exit status 0)
2023-09-21 08:35:01,851 INFO stopped: laravel_queue_03 (exit status 0)
2023-09-21 08:35:30,281 CRIT Supervisor is running as root.  Privileges were not dropped because no user is specified in the config file.  If you intend to run as root, you can set user=root in the config file to avoid this message.
2023-09-21 08:35:30,287 INFO supervisord started with pid 1
2023-09-21 08:35:31,296 INFO spawned: 'laravel_queue_00' with pid 6
2023-09-21 08:35:31,298 INFO spawned: 'laravel_queue_01' with pid 7
2023-09-21 08:35:31,300 INFO spawned: 'laravel_queue_02' with pid 8
2023-09-21 08:35:31,303 INFO spawned: 'laravel_queue_03' with pid 9
2023-09-21 08:35:31,306 INFO spawned: 'laravel_schedule_00' with pid 10
2023-09-21 08:35:32,758 INFO success: laravel_queue_00 entered RUNNING state, process has stayed up for > than 1 seconds (startsecs)
2023-09-21 08:35:32,760 INFO success: laravel_queue_01 entered RUNNING state, process has stayed up for > than 1 seconds (startsecs)
2023-09-21 08:35:32,760 INFO success: laravel_queue_02 entered RUNNING state, process has stayed up for > than 1 seconds (startsecs)
2023-09-21 08:35:32,761 INFO success: laravel_queue_03 entered RUNNING state, process has stayed up for > than 1 seconds (startsecs)
2023-09-21 08:35:32,761 INFO success: laravel_schedule_00 entered RUNNING state, process has stayed up for > than 1 seconds (startsecs)
2023-09-21 08:40:01,288 WARN exited: laravel_schedule_00 (exit status 1; not expected)
2023-09-21 08:40:02,338 INFO spawned: 'laravel_schedule_00' with pid 45
2023-09-21 08:40:03,681 INFO success: laravel_schedule_00 entered RUNNING state, process has stayed up for > than 1 seconds (startsecs)
2023-09-21 08:41:01,270 WARN exited: laravel_schedule_00 (exit status 1; not expected)
2023-09-21 08:41:02,340 INFO spawned: 'laravel_schedule_00' with pid 48
2023-09-21 08:41:04,154 INFO success: laravel_schedule_00 entered RUNNING state, process has stayed up for > than 1 seconds (startsecs)
2023-09-21 08:42:01,152 WARN exited: laravel_schedule_00 (exit status 1; not expected)
2023-09-21 08:42:02,166 INFO spawned: 'laravel_schedule_00' with pid 51
2023-09-21 08:42:03,374 INFO success: laravel_schedule_00 entered RUNNING state, process has stayed up for > than 1 seconds (startsecs)
2023-09-21 08:43:01,137 WARN exited: laravel_schedule_00 (exit status 1; not expected)
2023-09-21 08:43:02,152 INFO spawned: 'laravel_schedule_00' with pid 54
2023-09-21 08:43:03,325 INFO success: laravel_schedule_00 entered RUNNING state, process has stayed up for > than 1 seconds (startsecs)
2023-09-21 08:44:01,142 WARN exited: laravel_schedule_00 (exit status 1; not expected)
2023-09-21 08:44:02,161 INFO spawned: 'laravel_schedule_00' with pid 57
2023-09-21 08:44:03,392 INFO success: laravel_schedule_00 entered RUNNING state, process has stayed up for > than 1 seconds (startsecs)
2023-09-21 08:50:32,061 CRIT Supervisor is running as root.  Privileges were not dropped because no user is specified in the config file.  If you intend to run as root, you can set user=root in the config file to avoid this message.
2023-09-21 08:50:32,066 INFO supervisord started with pid 1
2023-09-21 08:50:33,078 INFO spawned: 'laravel_queue_00' with pid 7
2023-09-21 08:50:33,081 INFO spawned: 'laravel_queue_01' with pid 8
2023-09-21 08:50:33,084 INFO spawned: 'laravel_queue_02' with pid 9
2023-09-21 08:50:33,088 INFO spawned: 'laravel_queue_03' with pid 10
2023-09-21 08:50:33,094 INFO spawned: 'laravel_schedule_00' with pid 11
2023-09-21 08:50:34,172 INFO success: laravel_queue_00 entered RUNNING state, process has stayed up for > than 1 seconds (startsecs)
2023-09-21 08:50:34,175 INFO success: laravel_queue_01 entered RUNNING state, process has stayed up for > than 1 seconds (startsecs)
2023-09-21 08:50:34,176 INFO success: laravel_queue_02 entered RUNNING state, process has stayed up for > than 1 seconds (startsecs)
2023-09-21 08:50:34,176 INFO success: laravel_queue_03 entered RUNNING state, process has stayed up for > than 1 seconds (startsecs)
2023-09-21 08:50:34,176 INFO success: laravel_schedule_00 entered RUNNING state, process has stayed up for > than 1 seconds (startsecs)
2023-09-21 08:50:34,177 WARN exited: laravel_queue_00 (exit status 255; not expected)
2023-09-21 08:50:34,177 WARN exited: laravel_queue_01 (exit status 255; not expected)
2023-09-21 08:50:34,177 WARN exited: laravel_queue_02 (exit status 255; not expected)
2023-09-21 08:50:34,177 WARN exited: laravel_queue_03 (exit status 255; not expected)
2023-09-21 08:50:34,177 WARN exited: laravel_schedule_00 (exit status 255; not expected)
2023-09-21 08:50:35,185 INFO spawned: 'laravel_queue_00' with pid 12
2023-09-21 08:50:35,188 INFO spawned: 'laravel_queue_01' with pid 13
2023-09-21 08:50:35,190 INFO spawned: 'laravel_queue_02' with pid 14
2023-09-21 08:50:35,192 INFO spawned: 'laravel_queue_03' with pid 15
2023-09-21 08:50:35,200 INFO spawned: 'laravel_schedule_00' with pid 16
2023-09-21 08:50:35,244 WARN exited: laravel_queue_02 (exit status 255; not expected)
2023-09-21 08:50:35,247 WARN exited: laravel_queue_01 (exit status 255; not expected)
2023-09-21 08:50:35,247 WARN exited: laravel_queue_00 (exit status 255; not expected)
2023-09-21 08:50:35,247 WARN exited: laravel_schedule_00 (exit status 255; not expected)
2023-09-21 08:50:36,257 INFO spawned: 'laravel_queue_00' with pid 17
2023-09-21 08:50:36,266 INFO spawned: 'laravel_queue_01' with pid 18
2023-09-21 08:50:36,271 INFO spawned: 'laravel_queue_02' with pid 19
2023-09-21 08:50:36,274 INFO success: laravel_queue_03 entered RUNNING state, process has stayed up for > than 1 seconds (startsecs)
2023-09-21 08:50:36,280 INFO spawned: 'laravel_schedule_00' with pid 20
2023-09-21 08:50:36,285 WARN exited: laravel_queue_03 (exit status 255; not expected)
2023-09-21 08:50:36,338 INFO spawned: 'laravel_queue_03' with pid 21
2023-09-21 08:50:36,342 WARN exited: laravel_schedule_00 (exit status 255; not expected)
2023-09-21 08:50:36,342 WARN exited: laravel_queue_02 (exit status 255; not expected)
2023-09-21 08:50:36,343 WARN exited: laravel_queue_00 (exit status 255; not expected)
2023-09-21 08:50:36,344 WARN exited: laravel_queue_01 (exit status 255; not expected)
2023-09-21 08:50:37,356 INFO success: laravel_queue_03 entered RUNNING state, process has stayed up for > than 1 seconds (startsecs)
2023-09-21 08:50:37,356 WARN exited: laravel_queue_03 (exit status 255; not expected)
2023-09-21 08:50:38,370 INFO spawned: 'laravel_queue_00' with pid 22
2023-09-21 08:50:38,374 INFO spawned: 'laravel_queue_01' with pid 23
2023-09-21 08:50:38,386 INFO spawned: 'laravel_queue_02' with pid 24
2023-09-21 08:50:38,392 INFO spawned: 'laravel_queue_03' with pid 25
2023-09-21 08:50:38,396 INFO spawned: 'laravel_schedule_00' with pid 26
2023-09-21 08:50:38,451 WARN exited: laravel_queue_00 (exit status 255; not expected)
2023-09-21 08:50:39,460 INFO success: laravel_queue_01 entered RUNNING state, process has stayed up for > than 1 seconds (startsecs)
2023-09-21 08:50:39,461 INFO success: laravel_queue_02 entered RUNNING state, process has stayed up for > than 1 seconds (startsecs)
2023-09-21 08:50:39,461 INFO success: laravel_queue_03 entered RUNNING state, process has stayed up for > than 1 seconds (startsecs)
2023-09-21 08:50:39,462 INFO success: laravel_schedule_00 entered RUNNING state, process has stayed up for > than 1 seconds (startsecs)
2023-09-21 08:50:39,462 WARN exited: laravel_queue_01 (exit status 255; not expected)
2023-09-21 08:50:39,462 WARN exited: laravel_queue_02 (exit status 255; not expected)
2023-09-21 08:50:39,463 WARN exited: laravel_queue_03 (exit status 255; not expected)
2023-09-21 08:50:39,463 WARN exited: laravel_schedule_00 (exit status 255; not expected)
2023-09-21 08:50:40,475 INFO spawned: 'laravel_queue_01' with pid 27
2023-09-21 08:50:40,477 INFO spawned: 'laravel_queue_02' with pid 28
2023-09-21 08:50:40,478 INFO spawned: 'laravel_queue_03' with pid 29
2023-09-21 08:50:40,480 INFO spawned: 'laravel_schedule_00' with pid 30
2023-09-21 08:50:40,524 WARN exited: laravel_queue_01 (exit status 255; not expected)
2023-09-21 08:50:40,524 WARN exited: laravel_schedule_00 (exit status 255; not expected)
2023-09-21 08:50:41,534 INFO spawned: 'laravel_queue_00' with pid 31
2023-09-21 08:50:41,542 INFO spawned: 'laravel_queue_01' with pid 32
2023-09-21 08:50:41,543 INFO success: laravel_queue_02 entered RUNNING state, process has stayed up for > than 1 seconds (startsecs)
2023-09-21 08:50:41,543 INFO success: laravel_queue_03 entered RUNNING state, process has stayed up for > than 1 seconds (startsecs)
2023-09-21 08:50:41,546 INFO spawned: 'laravel_schedule_00' with pid 33
2023-09-21 08:50:41,547 WARN exited: laravel_queue_02 (exit status 255; not expected)
2023-09-21 08:50:41,548 WARN exited: laravel_queue_03 (exit status 255; not expected)
2023-09-21 08:50:41,573 INFO spawned: 'laravel_queue_02' with pid 34
2023-09-21 08:50:41,577 INFO spawned: 'laravel_queue_03' with pid 35
2023-09-21 08:50:41,578 WARN exited: laravel_queue_00 (exit status 255; not expected)
2023-09-21 08:50:41,579 WARN exited: laravel_queue_01 (exit status 255; not expected)
2023-09-21 08:50:41,580 INFO gave up: laravel_queue_00 entered FATAL state, too many start retries too quickly
2023-09-21 08:50:41,596 WARN exited: laravel_schedule_00 (exit status 255; not expected)
2023-09-21 08:50:42,601 INFO success: laravel_queue_02 entered RUNNING state, process has stayed up for > than 1 seconds (startsecs)
2023-09-21 08:50:42,602 INFO success: laravel_queue_03 entered RUNNING state, process has stayed up for > than 1 seconds (startsecs)
2023-09-21 08:50:42,603 WARN exited: laravel_queue_02 (exit status 255; not expected)
2023-09-21 08:50:42,604 WARN exited: laravel_queue_03 (exit status 255; not expected)
2023-09-21 08:50:43,612 INFO spawned: 'laravel_queue_01' with pid 36
2023-09-21 08:50:43,618 INFO spawned: 'laravel_queue_02' with pid 37
2023-09-21 08:50:43,632 INFO spawned: 'laravel_queue_03' with pid 38
2023-09-21 08:50:43,641 INFO spawned: 'laravel_schedule_00' with pid 39
2023-09-21 08:50:43,663 WARN exited: laravel_queue_01 (exit status 255; not expected)
2023-09-21 08:50:43,671 WARN exited: laravel_queue_02 (exit status 255; not expected)
2023-09-21 08:50:43,671 WARN exited: laravel_queue_03 (exit status 255; not expected)
2023-09-21 08:50:44,677 INFO spawned: 'laravel_queue_02' with pid 40
2023-09-21 08:50:44,680 INFO spawned: 'laravel_queue_03' with pid 41
2023-09-21 08:50:44,681 INFO success: laravel_schedule_00 entered RUNNING state, process has stayed up for > than 1 seconds (startsecs)
2023-09-21 08:50:44,681 WARN exited: laravel_schedule_00 (exit status 255; not expected)
2023-09-21 08:50:44,712 INFO spawned: 'laravel_schedule_00' with pid 42
2023-09-21 08:50:44,734 WARN exited: laravel_queue_02 (exit status 255; not expected)
2023-09-21 08:50:44,734 WARN exited: laravel_queue_03 (exit status 255; not expected)
2023-09-21 08:50:45,737 INFO success: laravel_schedule_00 entered RUNNING state, process has stayed up for > than 1 seconds (startsecs)
2023-09-21 08:50:45,738 WARN exited: laravel_schedule_00 (exit status 255; not expected)
2023-09-21 08:50:46,745 INFO spawned: 'laravel_queue_01' with pid 43
2023-09-21 08:50:46,749 INFO spawned: 'laravel_queue_02' with pid 44
2023-09-21 08:50:46,755 INFO spawned: 'laravel_queue_03' with pid 45
2023-09-21 08:50:46,760 INFO spawned: 'laravel_schedule_00' with pid 46
2023-09-21 08:50:46,789 WARN exited: laravel_queue_01 (exit status 255; not expected)
2023-09-21 08:50:46,789 WARN exited: laravel_queue_02 (exit status 255; not expected)
2023-09-21 08:50:46,790 INFO gave up: laravel_queue_01 entered FATAL state, too many start retries too quickly
2023-09-21 08:50:47,795 INFO success: laravel_queue_03 entered RUNNING state, process has stayed up for > than 1 seconds (startsecs)
2023-09-21 08:50:47,795 INFO success: laravel_schedule_00 entered RUNNING state, process has stayed up for > than 1 seconds (startsecs)
2023-09-21 08:50:47,796 WARN exited: laravel_queue_03 (exit status 255; not expected)
2023-09-21 08:50:47,796 WARN exited: laravel_schedule_00 (exit status 255; not expected)
2023-09-21 08:50:48,804 INFO spawned: 'laravel_queue_03' with pid 47
2023-09-21 08:50:48,809 INFO spawned: 'laravel_schedule_00' with pid 48
2023-09-21 08:50:49,859 INFO spawned: 'laravel_queue_02' with pid 49
2023-09-21 08:50:49,860 INFO success: laravel_queue_03 entered RUNNING state, process has stayed up for > than 1 seconds (startsecs)
2023-09-21 08:50:49,860 INFO success: laravel_schedule_00 entered RUNNING state, process has stayed up for > than 1 seconds (startsecs)
2023-09-21 08:50:49,861 WARN exited: laravel_queue_03 (exit status 255; not expected)
2023-09-21 08:50:49,861 WARN exited: laravel_schedule_00 (exit status 255; not expected)
2023-09-21 08:50:49,904 INFO spawned: 'laravel_queue_03' with pid 50
2023-09-21 08:50:49,910 INFO spawned: 'laravel_schedule_00' with pid 51
2023-09-21 08:50:49,910 WARN exited: laravel_queue_02 (exit status 255; not expected)
2023-09-21 08:50:49,911 INFO gave up: laravel_queue_02 entered FATAL state, too many start retries too quickly
2023-09-21 08:50:50,931 INFO success: laravel_queue_03 entered RUNNING state, process has stayed up for > than 1 seconds (startsecs)
2023-09-21 08:50:50,932 INFO success: laravel_schedule_00 entered RUNNING state, process has stayed up for > than 1 seconds (startsecs)
2023-09-21 08:50:50,933 WARN exited: laravel_queue_03 (exit status 255; not expected)
2023-09-21 08:50:50,933 WARN exited: laravel_schedule_00 (exit status 255; not expected)
2023-09-21 08:50:51,942 INFO spawned: 'laravel_queue_03' with pid 52
2023-09-21 08:50:51,945 INFO spawned: 'laravel_schedule_00' with pid 53
2023-09-21 08:50:51,978 WARN exited: laravel_queue_03 (exit status 255; not expected)
2023-09-21 08:50:52,987 INFO spawned: 'laravel_queue_03' with pid 54
2023-09-21 08:50:52,988 INFO success: laravel_schedule_00 entered RUNNING state, process has stayed up for > than 1 seconds (startsecs)
2023-09-21 08:50:52,989 WARN exited: laravel_schedule_00 (exit status 255; not expected)
2023-09-21 08:50:53,031 INFO spawned: 'laravel_schedule_00' with pid 55
2023-09-21 08:50:53,032 WARN exited: laravel_queue_03 (exit status 255; not expected)
2023-09-21 08:50:54,057 INFO success: laravel_schedule_00 entered RUNNING state, process has stayed up for > than 1 seconds (startsecs)
2023-09-21 08:50:54,058 WARN exited: laravel_schedule_00 (exit status 255; not expected)
2023-09-21 08:50:55,067 INFO spawned: 'laravel_queue_03' with pid 56
2023-09-21 08:50:55,071 INFO spawned: 'laravel_schedule_00' with pid 57
2023-09-21 08:50:55,105 WARN exited: laravel_schedule_00 (exit status 255; not expected)
2023-09-21 08:50:56,109 INFO success: laravel_queue_03 entered RUNNING state, process has stayed up for > than 1 seconds (startsecs)
2023-09-21 08:50:56,115 INFO spawned: 'laravel_schedule_00' with pid 58
2023-09-21 08:50:56,116 WARN exited: laravel_queue_03 (exit status 255; not expected)
2023-09-21 08:50:56,156 INFO spawned: 'laravel_queue_03' with pid 59
2023-09-21 08:50:56,176 WARN exited: laravel_schedule_00 (exit status 255; not expected)
2023-09-21 08:50:57,180 INFO success: laravel_queue_03 entered RUNNING state, process has stayed up for > than 1 seconds (startsecs)
2023-09-21 08:50:57,182 WARN exited: laravel_queue_03 (exit status 255; not expected)
2023-09-21 08:50:58,200 INFO spawned: 'laravel_queue_03' with pid 60
2023-09-21 08:50:58,206 INFO spawned: 'laravel_schedule_00' with pid 61
2023-09-21 08:50:59,264 INFO success: laravel_queue_03 entered RUNNING state, process has stayed up for > than 1 seconds (startsecs)
2023-09-21 08:50:59,264 INFO success: laravel_schedule_00 entered RUNNING state, process has stayed up for > than 1 seconds (startsecs)
2023-09-21 08:50:59,265 WARN exited: laravel_queue_03 (exit status 255; not expected)
2023-09-21 08:50:59,265 WARN exited: laravel_schedule_00 (exit status 255; not expected)
2023-09-21 08:51:00,269 INFO spawned: 'laravel_queue_03' with pid 62
2023-09-21 08:51:00,271 INFO spawned: 'laravel_schedule_00' with pid 63
2023-09-21 08:51:01,291 INFO success: laravel_queue_03 entered RUNNING state, process has stayed up for > than 1 seconds (startsecs)
2023-09-21 08:51:01,292 INFO success: laravel_schedule_00 entered RUNNING state, process has stayed up for > than 1 seconds (startsecs)
2023-09-21 08:51:01,292 WARN exited: laravel_queue_03 (exit status 255; not expected)
2023-09-21 08:51:01,292 WARN exited: laravel_schedule_00 (exit status 255; not expected)
2023-09-21 08:51:02,311 INFO spawned: 'laravel_queue_03' with pid 64
2023-09-21 08:51:02,324 INFO spawned: 'laravel_schedule_00' with pid 65
2023-09-21 08:51:03,403 INFO success: laravel_queue_03 entered RUNNING state, process has stayed up for > than 1 seconds (startsecs)
2023-09-21 08:51:03,404 INFO success: laravel_schedule_00 entered RUNNING state, process has stayed up for > than 1 seconds (startsecs)
2023-09-21 08:51:03,405 WARN exited: laravel_queue_03 (exit status 255; not expected)
2023-09-21 08:51:03,405 WARN exited: laravel_schedule_00 (exit status 255; not expected)
2023-09-21 08:51:04,421 INFO spawned: 'laravel_queue_03' with pid 66
2023-09-21 08:51:04,433 INFO spawned: 'laravel_schedule_00' with pid 67
2023-09-21 08:51:04,483 WARN exited: laravel_queue_03 (exit status 255; not expected)
2023-09-21 08:51:04,484 WARN exited: laravel_schedule_00 (exit status 255; not expected)
2023-09-21 08:51:05,492 INFO spawned: 'laravel_queue_03' with pid 68
2023-09-21 08:51:05,497 INFO spawned: 'laravel_schedule_00' with pid 69
2023-09-21 08:51:06,548 INFO success: laravel_queue_03 entered RUNNING state, process has stayed up for > than 1 seconds (startsecs)
2023-09-21 08:51:06,549 INFO success: laravel_schedule_00 entered RUNNING state, process has stayed up for > than 1 seconds (startsecs)
2023-09-21 08:51:06,549 WARN exited: laravel_queue_03 (exit status 255; not expected)
2023-09-21 08:51:06,550 WARN exited: laravel_schedule_00 (exit status 255; not expected)
2023-09-21 08:51:07,616 INFO spawned: 'laravel_queue_03' with pid 70
2023-09-21 08:51:07,634 INFO spawned: 'laravel_schedule_00' with pid 71
2023-09-21 08:51:08,741 INFO success: laravel_queue_03 entered RUNNING state, process has stayed up for > than 1 seconds (startsecs)
2023-09-21 08:51:08,745 INFO success: laravel_schedule_00 entered RUNNING state, process has stayed up for > than 1 seconds (startsecs)
2023-09-21 08:51:08,755 WARN exited: laravel_queue_03 (exit status 255; not expected)
2023-09-21 08:51:08,757 WARN exited: laravel_schedule_00 (exit status 255; not expected)
2023-09-21 08:51:09,793 INFO spawned: 'laravel_queue_03' with pid 72
2023-09-21 08:51:09,800 INFO spawned: 'laravel_schedule_00' with pid 73
2023-09-21 08:51:10,879 INFO success: laravel_queue_03 entered RUNNING state, process has stayed up for > than 1 seconds (startsecs)
2023-09-21 08:51:10,880 INFO success: laravel_schedule_00 entered RUNNING state, process has stayed up for > than 1 seconds (startsecs)
2023-09-21 08:51:10,880 WARN exited: laravel_queue_03 (exit status 255; not expected)
2023-09-21 08:51:10,880 WARN exited: laravel_schedule_00 (exit status 255; not expected)
2023-09-21 08:51:11,904 INFO spawned: 'laravel_queue_03' with pid 74
2023-09-21 08:51:11,919 INFO spawned: 'laravel_schedule_00' with pid 75
2023-09-21 08:51:12,964 INFO success: laravel_queue_03 entered RUNNING state, process has stayed up for > than 1 seconds (startsecs)
2023-09-21 08:51:12,965 INFO success: laravel_schedule_00 entered RUNNING state, process has stayed up for > than 1 seconds (startsecs)
2023-09-21 08:51:12,966 WARN exited: laravel_queue_03 (exit status 255; not expected)
2023-09-21 08:51:12,968 WARN exited: laravel_schedule_00 (exit status 255; not expected)
2023-09-21 08:51:13,974 INFO spawned: 'laravel_queue_03' with pid 76
2023-09-21 08:51:13,977 INFO spawned: 'laravel_schedule_00' with pid 77
2023-09-21 08:51:15,007 INFO success: laravel_queue_03 entered RUNNING state, process has stayed up for > than 1 seconds (startsecs)
2023-09-21 08:51:15,009 INFO success: laravel_schedule_00 entered RUNNING state, process has stayed up for > than 1 seconds (startsecs)
2023-09-21 08:51:15,010 WARN exited: laravel_queue_03 (exit status 255; not expected)
2023-09-21 08:51:15,010 WARN exited: laravel_schedule_00 (exit status 255; not expected)
2023-09-21 08:51:16,061 INFO spawned: 'laravel_queue_03' with pid 78
2023-09-21 08:51:16,067 INFO spawned: 'laravel_schedule_00' with pid 79
2023-09-21 08:51:17,144 INFO success: laravel_queue_03 entered RUNNING state, process has stayed up for > than 1 seconds (startsecs)
2023-09-21 08:51:17,145 INFO success: laravel_schedule_00 entered RUNNING state, process has stayed up for > than 1 seconds (startsecs)
2023-09-21 08:51:17,145 WARN exited: laravel_queue_03 (exit status 255; not expected)
2023-09-21 08:51:17,145 WARN exited: laravel_schedule_00 (exit status 255; not expected)
2023-09-21 08:51:18,154 INFO spawned: 'laravel_queue_03' with pid 80
2023-09-21 08:51:18,165 INFO spawned: 'laravel_schedule_00' with pid 81
2023-09-21 08:51:18,203 WARN exited: laravel_queue_03 (exit status 255; not expected)
2023-09-21 08:51:19,209 INFO spawned: 'laravel_queue_03' with pid 82
2023-09-21 08:51:19,209 INFO success: laravel_schedule_00 entered RUNNING state, process has stayed up for > than 1 seconds (startsecs)
2023-09-21 08:51:19,210 WARN exited: laravel_schedule_00 (exit status 255; not expected)
2023-09-21 08:51:19,249 INFO spawned: 'laravel_schedule_00' with pid 83
2023-09-21 08:51:19,265 WARN exited: laravel_queue_03 (exit status 255; not expected)
2023-09-21 08:51:20,269 INFO success: laravel_schedule_00 entered RUNNING state, process has stayed up for > than 1 seconds (startsecs)
2023-09-21 08:51:20,269 WARN exited: laravel_schedule_00 (exit status 255; not expected)
2023-09-21 08:51:21,276 INFO spawned: 'laravel_queue_03' with pid 84
2023-09-21 08:51:21,280 INFO spawned: 'laravel_schedule_00' with pid 85
2023-09-21 08:51:21,313 WARN exited: laravel_schedule_00 (exit status 255; not expected)
2023-09-21 08:51:22,317 INFO success: laravel_queue_03 entered RUNNING state, process has stayed up for > than 1 seconds (startsecs)
2023-09-21 08:51:22,329 INFO spawned: 'laravel_schedule_00' with pid 86
2023-09-21 08:51:22,331 WARN exited: laravel_queue_03 (exit status 255; not expected)
2023-09-21 08:51:22,371 INFO spawned: 'laravel_queue_03' with pid 87
2023-09-21 08:51:22,395 WARN exited: laravel_schedule_00 (exit status 255; not expected)
2023-09-21 08:51:23,397 INFO success: laravel_queue_03 entered RUNNING state, process has stayed up for > than 1 seconds (startsecs)
2023-09-21 08:51:23,398 WARN exited: laravel_queue_03 (exit status 255; not expected)
2023-09-21 08:51:24,405 INFO spawned: 'laravel_queue_03' with pid 88
2023-09-21 08:51:24,408 INFO spawned: 'laravel_schedule_00' with pid 89
2023-09-21 08:51:25,461 INFO success: laravel_queue_03 entered RUNNING state, process has stayed up for > than 1 seconds (startsecs)
2023-09-21 08:51:25,462 INFO success: laravel_schedule_00 entered RUNNING state, process has stayed up for > than 1 seconds (startsecs)
2023-09-21 08:51:25,463 WARN exited: laravel_queue_03 (exit status 255; not expected)
2023-09-21 08:51:25,463 WARN exited: laravel_schedule_00 (exit status 255; not expected)
2023-09-21 08:51:26,470 INFO spawned: 'laravel_queue_03' with pid 90
2023-09-21 08:51:26,474 INFO spawned: 'laravel_schedule_00' with pid 91
2023-09-21 08:51:26,516 WARN exited: laravel_queue_03 (exit status 255; not expected)
2023-09-21 08:51:27,523 INFO spawned: 'laravel_queue_03' with pid 92
2023-09-21 08:51:27,524 INFO success: laravel_schedule_00 entered RUNNING state, process has stayed up for > than 1 seconds (startsecs)
2023-09-21 08:51:27,524 WARN exited: laravel_schedule_00 (exit status 255; not expected)
2023-09-21 08:51:27,595 INFO spawned: 'laravel_schedule_00' with pid 93
2023-09-21 08:51:27,630 WARN exited: laravel_queue_03 (exit status 255; not expected)
2023-09-21 08:51:27,631 WARN exited: laravel_schedule_00 (exit status 255; not expected)
2023-09-21 08:51:28,644 INFO spawned: 'laravel_schedule_00' with pid 94
2023-09-21 08:51:29,693 INFO spawned: 'laravel_queue_03' with pid 95
2023-09-21 08:51:29,694 INFO success: laravel_schedule_00 entered RUNNING state, process has stayed up for > than 1 seconds (startsecs)
2023-09-21 08:51:29,695 WARN exited: laravel_schedule_00 (exit status 255; not expected)
2023-09-21 08:51:29,738 INFO spawned: 'laravel_schedule_00' with pid 96
2023-09-21 08:51:29,739 WARN exited: laravel_queue_03 (exit status 255; not expected)
2023-09-21 08:51:30,762 INFO success: laravel_schedule_00 entered RUNNING state, process has stayed up for > than 1 seconds (startsecs)
2023-09-21 08:51:30,762 WARN exited: laravel_schedule_00 (exit status 255; not expected)
2023-09-21 08:51:31,769 INFO spawned: 'laravel_schedule_00' with pid 97
2023-09-21 08:51:32,854 INFO spawned: 'laravel_queue_03' with pid 98
2023-09-21 08:51:32,857 INFO success: laravel_schedule_00 entered RUNNING state, process has stayed up for > than 1 seconds (startsecs)
2023-09-21 08:51:32,858 WARN exited: laravel_schedule_00 (exit status 255; not expected)
2023-09-21 08:51:32,895 INFO spawned: 'laravel_schedule_00' with pid 99
2023-09-21 08:51:32,921 WARN exited: laravel_queue_03 (exit status 255; not expected)
2023-09-21 08:51:32,921 INFO gave up: laravel_queue_03 entered FATAL state, too many start retries too quickly
2023-09-21 08:51:33,926 INFO success: laravel_schedule_00 entered RUNNING state, process has stayed up for > than 1 seconds (startsecs)
2023-09-21 08:51:33,928 WARN exited: laravel_schedule_00 (exit status 255; not expected)
2023-09-21 08:51:34,978 INFO spawned: 'laravel_schedule_00' with pid 100
2023-09-21 08:51:36,055 INFO success: laravel_schedule_00 entered RUNNING state, process has stayed up for > than 1 seconds (startsecs)
2023-09-21 08:51:36,056 WARN exited: laravel_schedule_00 (exit status 255; not expected)
2023-09-21 08:51:37,070 INFO spawned: 'laravel_schedule_00' with pid 101
2023-09-21 08:51:38,104 INFO success: laravel_schedule_00 entered RUNNING state, process has stayed up for > than 1 seconds (startsecs)
2023-09-21 08:51:38,105 WARN exited: laravel_schedule_00 (exit status 255; not expected)
2023-09-21 08:51:39,109 INFO spawned: 'laravel_schedule_00' with pid 102
2023-09-21 08:51:40,184 INFO success: laravel_schedule_00 entered RUNNING state, process has stayed up for > than 1 seconds (startsecs)
2023-09-21 08:51:40,186 WARN exited: laravel_schedule_00 (exit status 255; not expected)
2023-09-21 08:51:41,202 INFO spawned: 'laravel_schedule_00' with pid 103
2023-09-21 08:51:42,240 INFO success: laravel_schedule_00 entered RUNNING state, process has stayed up for > than 1 seconds (startsecs)
2023-09-21 08:51:42,257 WARN exited: laravel_schedule_00 (exit status 255; not expected)
2023-09-21 08:51:43,280 INFO spawned: 'laravel_schedule_00' with pid 104
2023-09-21 08:51:44,339 INFO success: laravel_schedule_00 entered RUNNING state, process has stayed up for > than 1 seconds (startsecs)
2023-09-21 08:51:44,346 WARN exited: laravel_schedule_00 (exit status 255; not expected)
2023-09-21 08:51:45,357 INFO spawned: 'laravel_schedule_00' with pid 105
2023-09-21 08:51:46,407 INFO success: laravel_schedule_00 entered RUNNING state, process has stayed up for > than 1 seconds (startsecs)
2023-09-21 08:51:46,408 WARN exited: laravel_schedule_00 (exit status 255; not expected)
2023-09-21 08:51:47,414 INFO spawned: 'laravel_schedule_00' with pid 106
2023-09-21 08:51:48,451 INFO success: laravel_schedule_00 entered RUNNING state, process has stayed up for > than 1 seconds (startsecs)
2023-09-21 08:51:48,451 WARN exited: laravel_schedule_00 (exit status 255; not expected)
2023-09-21 08:51:49,460 INFO spawned: 'laravel_schedule_00' with pid 107
2023-09-21 08:51:50,502 INFO success: laravel_schedule_00 entered RUNNING state, process has stayed up for > than 1 seconds (startsecs)
2023-09-21 08:51:50,502 WARN exited: laravel_schedule_00 (exit status 255; not expected)
2023-09-21 08:51:51,510 INFO spawned: 'laravel_schedule_00' with pid 108
2023-09-21 08:51:52,557 INFO success: laravel_schedule_00 entered RUNNING state, process has stayed up for > than 1 seconds (startsecs)
2023-09-21 08:51:52,559 WARN exited: laravel_schedule_00 (exit status 255; not expected)
2023-09-21 08:51:53,567 INFO spawned: 'laravel_schedule_00' with pid 109
2023-09-21 08:51:54,604 INFO success: laravel_schedule_00 entered RUNNING state, process has stayed up for > than 1 seconds (startsecs)
2023-09-21 08:51:54,605 WARN exited: laravel_schedule_00 (exit status 255; not expected)
2023-09-21 08:51:55,612 INFO spawned: 'laravel_schedule_00' with pid 110
2023-09-21 08:51:56,681 INFO success: laravel_schedule_00 entered RUNNING state, process has stayed up for > than 1 seconds (startsecs)
2023-09-21 08:51:56,687 WARN exited: laravel_schedule_00 (exit status 255; not expected)
2023-09-21 08:51:57,727 INFO spawned: 'laravel_schedule_00' with pid 111
2023-09-21 08:51:58,824 INFO success: laravel_schedule_00 entered RUNNING state, process has stayed up for > than 1 seconds (startsecs)
2023-09-21 08:51:58,825 WARN exited: laravel_schedule_00 (exit status 255; not expected)
2023-09-21 08:51:59,842 INFO spawned: 'laravel_schedule_00' with pid 112
2023-09-21 08:52:00,880 INFO success: laravel_schedule_00 entered RUNNING state, process has stayed up for > than 1 seconds (startsecs)
2023-09-21 08:52:00,881 WARN exited: laravel_schedule_00 (exit status 255; not expected)
2023-09-21 08:52:01,902 INFO spawned: 'laravel_schedule_00' with pid 113
2023-09-21 08:52:02,946 INFO success: laravel_schedule_00 entered RUNNING state, process has stayed up for > than 1 seconds (startsecs)
2023-09-21 08:52:02,947 WARN exited: laravel_schedule_00 (exit status 255; not expected)
2023-09-21 08:52:03,956 INFO spawned: 'laravel_schedule_00' with pid 114
2023-09-21 08:52:05,020 INFO success: laravel_schedule_00 entered RUNNING state, process has stayed up for > than 1 seconds (startsecs)
2023-09-21 08:52:05,034 WARN exited: laravel_schedule_00 (exit status 255; not expected)
2023-09-21 08:52:06,043 INFO spawned: 'laravel_schedule_00' with pid 115
2023-09-21 08:52:07,079 INFO success: laravel_schedule_00 entered RUNNING state, process has stayed up for > than 1 seconds (startsecs)
2023-09-21 08:52:07,081 WARN exited: laravel_schedule_00 (exit status 255; not expected)
2023-09-21 08:52:08,092 INFO spawned: 'laravel_schedule_00' with pid 116
2023-09-21 08:52:08,126 WARN exited: laravel_schedule_00 (exit status 255; not expected)
2023-09-21 08:52:09,140 INFO spawned: 'laravel_schedule_00' with pid 117
2023-09-21 08:52:10,174 INFO success: laravel_schedule_00 entered RUNNING state, process has stayed up for > than 1 seconds (startsecs)
2023-09-21 08:52:10,175 WARN exited: laravel_schedule_00 (exit status 255; not expected)
2023-09-21 08:52:11,182 INFO spawned: 'laravel_schedule_00' with pid 118
2023-09-21 08:52:12,225 INFO success: laravel_schedule_00 entered RUNNING state, process has stayed up for > than 1 seconds (startsecs)
2023-09-21 08:52:12,226 WARN exited: laravel_schedule_00 (exit status 255; not expected)
2023-09-21 08:52:13,244 INFO spawned: 'laravel_schedule_00' with pid 119
2023-09-21 08:52:14,927 INFO success: laravel_schedule_00 entered RUNNING state, process has stayed up for > than 1 seconds (startsecs)
